<?xml version="1.0" encoding="UTF-8"?>
<coverage generated="1553850427792" clover="3.2.0">
  <project timestamp="1553850427792" name="All files">
    <metrics statements="103" coveredstatements="45" conditionals="16" coveredconditionals="3" methods="17" coveredmethods="5" elements="136" coveredelements="53" complexity="0" loc="103" ncloc="103" packages="5" files="8" classes="8">
      <package name="blog">
        <metrics statements="62" coveredstatements="10" conditionals="10" coveredconditionals="0" methods="10" coveredmethods="1"/>
        <file name="blog-post-service.ts" path="D:\Projects\Learning\blog-posts\src\blog\blog-post-service.ts">
          <metrics statements="62" coveredstatements="10" conditionals="10" coveredconditionals="0" methods="10" coveredmethods="1"/>
          <line num="1" count="1" type="stmt"/>
          <line num="2" count="1" type="stmt"/>
          <line num="3" count="1" type="stmt"/>
          <line num="4" count="1" type="stmt"/>
          <line num="6" count="1" type="stmt"/>
          <line num="7" count="1" type="stmt"/>
          <line num="8" count="1" type="stmt"/>
          <line num="9" count="1" type="stmt"/>
          <line num="12" count="1" type="stmt"/>
          <line num="13" count="1" type="stmt"/>
          <line num="16" count="0" type="cond" truecount="0" falsecount="2"/>
          <line num="17" count="0" type="stmt"/>
          <line num="21" count="0" type="stmt"/>
          <line num="28" count="0" type="stmt"/>
          <line num="29" count="0" type="stmt"/>
          <line num="30" count="0" type="stmt"/>
          <line num="31" count="0" type="stmt"/>
          <line num="32" count="0" type="stmt"/>
          <line num="33" count="0" type="stmt"/>
          <line num="35" count="0" type="stmt"/>
          <line num="38" count="0" type="stmt"/>
          <line num="44" count="0" type="stmt"/>
          <line num="45" count="0" type="stmt"/>
          <line num="46" count="0" type="stmt"/>
          <line num="47" count="0" type="stmt"/>
          <line num="48" count="0" type="stmt"/>
          <line num="50" count="0" type="stmt"/>
          <line num="52" count="0" type="stmt"/>
          <line num="57" count="0" type="stmt"/>
          <line num="58" count="0" type="stmt"/>
          <line num="59" count="0" type="stmt"/>
          <line num="60" count="0" type="stmt"/>
          <line num="62" count="0" type="stmt"/>
          <line num="66" count="0" type="stmt"/>
          <line num="71" count="0" type="cond" truecount="0" falsecount="2"/>
          <line num="72" count="0" type="stmt"/>
          <line num="75" count="0" type="stmt"/>
          <line num="76" count="0" type="stmt"/>
          <line num="77" count="0" type="stmt"/>
          <line num="78" count="0" type="stmt"/>
          <line num="80" count="0" type="stmt"/>
          <line num="87" count="0" type="stmt"/>
          <line num="92" count="0" type="cond" truecount="0" falsecount="2"/>
          <line num="93" count="0" type="stmt"/>
          <line num="96" count="0" type="stmt"/>
          <line num="97" count="0" type="stmt"/>
          <line num="99" count="0" type="stmt"/>
          <line num="101" count="0" type="stmt"/>
          <line num="106" count="0" type="stmt"/>
          <line num="107" count="0" type="stmt"/>
          <line num="108" count="0" type="stmt"/>
          <line num="109" count="0" type="stmt"/>
          <line num="111" count="0" type="stmt"/>
          <line num="115" count="0" type="stmt"/>
          <line num="116" count="0" type="cond" truecount="0" falsecount="4"/>
          <line num="117" count="0" type="stmt"/>
          <line num="118" count="0" type="stmt"/>
          <line num="123" count="0" type="stmt"/>
          <line num="124" count="0" type="stmt"/>
          <line num="125" count="0" type="stmt"/>
          <line num="126" count="0" type="stmt"/>
          <line num="130" count="0" type="stmt"/>
        </file>
      </package>
      <package name="blog.blog-posts">
        <metrics statements="18" coveredstatements="13" conditionals="2" coveredconditionals="0" methods="5" coveredmethods="3"/>
        <file name="blog-posts.controller.ts" path="D:\Projects\Learning\blog-posts\src\blog\blog-posts\blog-posts.controller.ts">
          <metrics statements="18" coveredstatements="13" conditionals="2" coveredconditionals="0" methods="5" coveredmethods="3"/>
          <line num="1" count="1" type="stmt"/>
          <line num="3" count="1" type="stmt"/>
          <line num="5" count="1" type="stmt"/>
          <line num="9" count="1" type="stmt"/>
          <line num="10" count="6" type="stmt"/>
          <line num="13" count="1" type="stmt"/>
          <line num="18" count="0" type="stmt"/>
          <line num="20" count="0" type="cond" truecount="0" falsecount="2"/>
          <line num="21" count="0" type="stmt"/>
          <line num="25" count="1" type="stmt"/>
          <line num="29" count="3" type="stmt"/>
          <line num="32" count="1" type="stmt"/>
          <line num="36" count="1" type="stmt"/>
          <line num="40" count="2" type="stmt"/>
          <line num="41" count="1" type="stmt"/>
          <line num="45" count="1" type="stmt"/>
          <line num="50" count="0" type="stmt"/>
          <line num="54" count="0" type="stmt"/>
        </file>
      </package>
      <package name="models.database">
        <metrics statements="15" coveredstatements="15" conditionals="3" coveredconditionals="2" methods="0" coveredmethods="0"/>
        <file name="blog-post-model.ts" path="D:\Projects\Learning\blog-posts\src\models\database\blog-post-model.ts">
          <metrics statements="6" coveredstatements="6" conditionals="0" coveredconditionals="0" methods="0" coveredmethods="0"/>
          <line num="1" count="2" type="stmt"/>
          <line num="2" count="2" type="stmt"/>
          <line num="3" count="2" type="stmt"/>
          <line num="6" count="2" type="stmt"/>
          <line num="14" count="2" type="stmt"/>
          <line num="23" count="2" type="stmt"/>
        </file>
        <file name="db-base-model.ts" path="D:\Projects\Learning\blog-posts\src\models\database\db-base-model.ts">
          <metrics statements="9" coveredstatements="9" conditionals="3" coveredconditionals="2" methods="0" coveredmethods="0"/>
          <line num="1" count="2" type="stmt"/>
          <line num="2" count="2" type="stmt"/>
          <line num="5" count="2" type="stmt"/>
          <line num="7" count="2" type="stmt"/>
          <line num="10" count="2" type="cond" truecount="2" falsecount="1"/>
          <line num="14" count="2" type="stmt"/>
          <line num="18" count="2" type="stmt"/>
          <line num="22" count="2" type="stmt"/>
          <line num="27" count="2" type="stmt"/>
        </file>
      </package>
      <package name="models.viewmodel">
        <metrics statements="2" coveredstatements="2" conditionals="0" coveredconditionals="0" methods="0" coveredmethods="0"/>
        <file name="create-blog-post-model.ts" path="D:\Projects\Learning\blog-posts\src\models\viewmodel\create-blog-post-model.ts">
          <metrics statements="1" coveredstatements="1" conditionals="0" coveredconditionals="0" methods="0" coveredmethods="0"/>
          <line num="1" count="1" type="stmt"/>
        </file>
        <file name="get-blog-post-model.ts" path="D:\Projects\Learning\blog-posts\src\models\viewmodel\get-blog-post-model.ts">
          <metrics statements="1" coveredstatements="1" conditionals="0" coveredconditionals="0" methods="0" coveredmethods="0"/>
          <line num="1" count="2" type="stmt"/>
        </file>
      </package>
      <package name="shared.exceptions">
        <metrics statements="6" coveredstatements="5" conditionals="1" coveredconditionals="1" methods="2" coveredmethods="1"/>
        <file name="record-not-found.exception.ts" path="D:\Projects\Learning\blog-posts\src\shared\exceptions\record-not-found.exception.ts">
          <metrics statements="3" coveredstatements="2" conditionals="0" coveredconditionals="0" methods="1" coveredmethods="0"/>
          <line num="1" count="1" type="stmt"/>
          <line num="2" count="1" type="stmt"/>
          <line num="4" count="0" type="stmt"/>
        </file>
        <file name="validation-error.exception.ts" path="D:\Projects\Learning\blog-posts\src\shared\exceptions\validation-error.exception.ts">
          <metrics statements="3" coveredstatements="3" conditionals="1" coveredconditionals="1" methods="1" coveredmethods="1"/>
          <line num="1" count="2" type="stmt"/>
          <line num="2" count="2" type="stmt"/>
          <line num="4" count="2" type="stmt"/>
        </file>
      </package>
    </metrics>
  </project>
</coverage>
