{"D:\\Projects\\Learning\\blog-posts\\src\\blog\\blog-post-service.ts": {"path":"D:\\Projects\\Learning\\blog-posts\\src\\blog\\blog-post-service.ts","statementMap":{"0":{"start":{"line":1,"column":0},"end":{"line":1,"column":43}},"1":{"start":{"line":2,"column":0},"end":{"line":2,"column":55}},"2":{"start":{"line":3,"column":0},"end":{"line":3,"column":60}},"3":{"start":{"line":4,"column":0},"end":{"line":4,"column":66}},"4":{"start":{"line":6,"column":0},"end":{"line":6,"column":74}},"5":{"start":{"line":7,"column":0},"end":{"line":7,"column":89}},"6":{"start":{"line":8,"column":0},"end":{"line":8,"column":75}},"7":{"start":{"line":9,"column":0},"end":{"line":9,"column":90}},"8":{"start":{"line":12,"column":0},"end":{"line":132,"column":1}},"9":{"start":{"line":13,"column":22},"end":{"line":13,"column":54}},"10":{"start":{"line":16,"column":17},"end":{"line":16,"column":32}},"11":{"start":{"line":17,"column":24},"end":{"line":20,"column":5}},"12":{"start":{"line":21,"column":24},"end":{"line":26,"column":5}},"13":{"start":{"line":28,"column":41},"end":{"line":28,"column":43}},"14":{"start":{"line":29,"column":4},"end":{"line":36,"column":7}},"15":{"start":{"line":30,"column":19},"end":{"line":30,"column":41}},"16":{"start":{"line":31,"column":6},"end":{"line":31,"column":28}},"17":{"start":{"line":32,"column":6},"end":{"line":32,"column":33}},"18":{"start":{"line":33,"column":6},"end":{"line":33,"column":37}},"19":{"start":{"line":35,"column":6},"end":{"line":35,"column":26}},"20":{"start":{"line":38,"column":4},"end":{"line":38,"column":20}},"21":{"start":{"line":44,"column":23},"end":{"line":44,"column":42}},"22":{"start":{"line":45,"column":4},"end":{"line":45,"column":38}},"23":{"start":{"line":46,"column":4},"end":{"line":46,"column":42}},"24":{"start":{"line":47,"column":4},"end":{"line":47,"column":69}},"25":{"start":{"line":48,"column":4},"end":{"line":48,"column":31}},"26":{"start":{"line":50,"column":4},"end":{"line":50,"column":41}},"27":{"start":{"line":52,"column":29},"end":{"line":55,"column":5}},"28":{"start":{"line":57,"column":42},"end":{"line":57,"column":64}},"29":{"start":{"line":58,"column":4},"end":{"line":58,"column":42}},"30":{"start":{"line":59,"column":4},"end":{"line":59,"column":47}},"31":{"start":{"line":60,"column":4},"end":{"line":60,"column":51}},"32":{"start":{"line":62,"column":4},"end":{"line":62,"column":23}},"33":{"start":{"line":66,"column":45},"end":{"line":69,"column":5}},"34":{"start":{"line":71,"column":4},"end":{"line":73,"column":5}},"35":{"start":{"line":72,"column":6},"end":{"line":72,"column":42}},"36":{"start":{"line":75,"column":39},"end":{"line":75,"column":61}},"37":{"start":{"line":76,"column":4},"end":{"line":76,"column":39}},"38":{"start":{"line":77,"column":4},"end":{"line":77,"column":44}},"39":{"start":{"line":78,"column":4},"end":{"line":78,"column":48}},"40":{"start":{"line":80,"column":4},"end":{"line":80,"column":20}},"41":{"start":{"line":87,"column":44},"end":{"line":90,"column":5}},"42":{"start":{"line":92,"column":4},"end":{"line":94,"column":5}},"43":{"start":{"line":93,"column":6},"end":{"line":93,"column":42}},"44":{"start":{"line":96,"column":4},"end":{"line":96,"column":44}},"45":{"start":{"line":97,"column":4},"end":{"line":97,"column":47}},"46":{"start":{"line":99,"column":4},"end":{"line":99,"column":46}},"47":{"start":{"line":101,"column":28},"end":{"line":104,"column":5}},"48":{"start":{"line":106,"column":39},"end":{"line":106,"column":61}},"49":{"start":{"line":107,"column":4},"end":{"line":107,"column":37}},"50":{"start":{"line":108,"column":4},"end":{"line":108,"column":42}},"51":{"start":{"line":109,"column":4},"end":{"line":109,"column":46}},"52":{"start":{"line":111,"column":4},"end":{"line":111,"column":20}},"53":{"start":{"line":115,"column":19},"end":{"line":115,"column":43}},"54":{"start":{"line":116,"column":4},"end":{"line":119,"column":5}},"55":{"start":{"line":117,"column":27},"end":{"line":117,"column":70}},"56":{"start":{"line":118,"column":6},"end":{"line":118,"column":55}},"57":{"start":{"line":123,"column":23},"end":{"line":123,"column":25}},"58":{"start":{"line":124,"column":4},"end":{"line":128,"column":7}},"59":{"start":{"line":125,"column":6},"end":{"line":127,"column":9}},"60":{"start":{"line":126,"column":8},"end":{"line":126,"column":30}},"61":{"start":{"line":130,"column":4},"end":{"line":130,"column":31}},"62":{"start":{"line":12,"column":13},"end":{"line":132,"column":1}},"63":{"start":{"line":12,"column":13},"end":{"line":12,"column":28}}},"fnMap":{"0":{"name":"(anonymous_8)","decl":{"start":{"line":13,"column":2},"end":{"line":13,"column":21}},"loc":{"start":{"line":13,"column":54},"end":{"line":13,"column":58}}},"1":{"name":"(anonymous_9)","decl":{"start":{"line":15,"column":8},"end":{"line":15,"column":19}},"loc":{"start":{"line":15,"column":31},"end":{"line":39,"column":3}}},"2":{"name":"(anonymous_11)","decl":{"start":{"line":29,"column":23},"end":{"line":29,"column":29}},"loc":{"start":{"line":29,"column":33},"end":{"line":36,"column":5}}},"3":{"name":"(anonymous_12)","decl":{"start":{"line":41,"column":8},"end":{"line":41,"column":21}},"loc":{"start":{"line":42,"column":33},"end":{"line":63,"column":3}}},"4":{"name":"(anonymous_14)","decl":{"start":{"line":65,"column":8},"end":{"line":65,"column":22}},"loc":{"start":{"line":65,"column":42},"end":{"line":81,"column":3}}},"5":{"name":"(anonymous_16)","decl":{"start":{"line":83,"column":8},"end":{"line":83,"column":30}},"loc":{"start":{"line":85,"column":27},"end":{"line":112,"column":3}}},"6":{"name":"(anonymous_18)","decl":{"start":{"line":114,"column":16},"end":{"line":114,"column":28}},"loc":{"start":{"line":114,"column":53},"end":{"line":120,"column":3}}},"7":{"name":"(anonymous_20)","decl":{"start":{"line":122,"column":10},"end":{"line":122,"column":39}},"loc":{"start":{"line":122,"column":66},"end":{"line":131,"column":3}}},"8":{"name":"(anonymous_21)","decl":{"start":{"line":124,"column":19},"end":{"line":124,"column":23}},"loc":{"start":{"line":124,"column":27},"end":{"line":128,"column":5}}},"9":{"name":"(anonymous_22)","decl":{"start":{"line":125,"column":47},"end":{"line":125,"column":51}},"loc":{"start":{"line":125,"column":55},"end":{"line":127,"column":7}}}},"branchMap":{"0":{"loc":{"start":{"line":16,"column":17},"end":{"line":16,"column":27}},"type":"binary-expr","locations":[{"start":{"line":16,"column":17},"end":{"line":16,"column":27}},{"start":{"line":16,"column":31},"end":{"line":16,"column":32}}]},"1":{"loc":{"start":{"line":71,"column":4},"end":{"line":73,"column":5}},"type":"if","locations":[{"start":{"line":71,"column":4},"end":{"line":73,"column":5}},{"start":{"line":71,"column":4},"end":{"line":73,"column":5}}]},"2":{"loc":{"start":{"line":92,"column":4},"end":{"line":94,"column":5}},"type":"if","locations":[{"start":{"line":92,"column":4},"end":{"line":94,"column":5}},{"start":{"line":92,"column":4},"end":{"line":94,"column":5}}]},"3":{"loc":{"start":{"line":116,"column":4},"end":{"line":119,"column":5}},"type":"if","locations":[{"start":{"line":116,"column":4},"end":{"line":119,"column":5}},{"start":{"line":116,"column":4},"end":{"line":119,"column":5}}]},"4":{"loc":{"start":{"line":116,"column":8},"end":{"line":116,"column":14}},"type":"binary-expr","locations":[{"start":{"line":116,"column":8},"end":{"line":116,"column":14}},{"start":{"line":116,"column":18},"end":{"line":116,"column":35}}]}},"s":{"0":1,"1":1,"2":1,"3":1,"4":1,"5":1,"6":1,"7":1,"8":1,"9":1,"10":0,"11":0,"12":0,"13":0,"14":0,"15":0,"16":0,"17":0,"18":0,"19":0,"20":0,"21":0,"22":0,"23":0,"24":0,"25":0,"26":0,"27":0,"28":0,"29":0,"30":0,"31":0,"32":0,"33":0,"34":0,"35":0,"36":0,"37":0,"38":0,"39":0,"40":0,"41":0,"42":0,"43":0,"44":0,"45":0,"46":0,"47":0,"48":0,"49":0,"50":0,"51":0,"52":0,"53":0,"54":0,"55":0,"56":0,"57":0,"58":0,"59":0,"60":0,"61":0,"62":1,"63":1},"f":{"0":1,"1":0,"2":0,"3":0,"4":0,"5":0,"6":0,"7":0,"8":0,"9":0},"b":{"0":[0,0],"1":[0,0],"2":[0,0],"3":[0,0],"4":[0,0]}}
,"D:\\Projects\\Learning\\blog-posts\\src\\blog\\blog-posts\\blog-posts.controller.ts": {"path":"D:\\Projects\\Learning\\blog-posts\\src\\blog\\blog-posts\\blog-posts.controller.ts","statementMap":{"0":{"start":{"line":1,"column":0},"end":{"line":1,"column":103}},"1":{"start":{"line":3,"column":0},"end":{"line":3,"column":54}},"2":{"start":{"line":5,"column":0},"end":{"line":5,"column":83}},"3":{"start":{"line":9,"column":0},"end":{"line":56,"column":1}},"4":{"start":{"line":10,"column":22},"end":{"line":10,"column":54}},"5":{"start":{"line":18,"column":21},"end":{"line":18,"column":67}},"6":{"start":{"line":20,"column":6},"end":{"line":20,"column":65}},"7":{"start":{"line":21,"column":4},"end":{"line":21,"column":50}},"8":{"start":{"line":29,"column":39},"end":{"line":31,"column":5}},"9":{"start":{"line":32,"column":4},"end":{"line":32,"column":50}},"10":{"start":{"line":40,"column":21},"end":{"line":40,"column":75}},"11":{"start":{"line":41,"column":4},"end":{"line":41,"column":23}},"12":{"start":{"line":50,"column":21},"end":{"line":53,"column":5}},"13":{"start":{"line":54,"column":4},"end":{"line":54,"column":23}},"14":{"start":{"line":13,"column":2},"end":{"line":22,"column":3}},"15":{"start":{"line":25,"column":2},"end":{"line":33,"column":3}},"16":{"start":{"line":36,"column":2},"end":{"line":42,"column":3}},"17":{"start":{"line":45,"column":2},"end":{"line":55,"column":3}},"18":{"start":{"line":9,"column":13},"end":{"line":56,"column":1}},"19":{"start":{"line":9,"column":13},"end":{"line":9,"column":32}}},"fnMap":{"0":{"name":"(anonymous_10)","decl":{"start":{"line":10,"column":2},"end":{"line":10,"column":21}},"loc":{"start":{"line":10,"column":54},"end":{"line":10,"column":58}}},"1":{"name":"(anonymous_11)","decl":{"start":{"line":13,"column":8},"end":{"line":13,"column":19}},"loc":{"start":{"line":16,"column":23},"end":{"line":22,"column":3}}},"2":{"name":"(anonymous_13)","decl":{"start":{"line":25,"column":8},"end":{"line":25,"column":21}},"loc":{"start":{"line":27,"column":44},"end":{"line":33,"column":3}}},"3":{"name":"(anonymous_15)","decl":{"start":{"line":36,"column":8},"end":{"line":36,"column":22}},"loc":{"start":{"line":38,"column":35},"end":{"line":42,"column":3}}},"4":{"name":"(anonymous_17)","decl":{"start":{"line":45,"column":8},"end":{"line":45,"column":30}},"loc":{"start":{"line":48,"column":44},"end":{"line":55,"column":3}}}},"branchMap":{"0":{"loc":{"start":{"line":20,"column":28},"end":{"line":20,"column":41}},"type":"cond-expr","locations":[{"start":{"line":20,"column":28},"end":{"line":20,"column":41}},{"start":{"line":20,"column":44},"end":{"line":20,"column":65}}]}},"s":{"0":1,"1":1,"2":1,"3":1,"4":6,"5":0,"6":0,"7":0,"8":3,"9":1,"10":2,"11":1,"12":0,"13":0,"14":1,"15":1,"16":1,"17":1,"18":1,"19":1},"f":{"0":6,"1":0,"2":3,"3":2,"4":0},"b":{"0":[0,0]}}
,"D:\\Projects\\Learning\\blog-posts\\src\\models\\database\\blog-post-model.ts": {"path":"D:\\Projects\\Learning\\blog-posts\\src\\models\\database\\blog-post-model.ts","statementMap":{"0":{"start":{"line":1,"column":0},"end":{"line":1,"column":45}},"1":{"start":{"line":2,"column":0},"end":{"line":2,"column":40}},"2":{"start":{"line":3,"column":0},"end":{"line":3,"column":51}},"3":{"start":{"line":6,"column":0},"end":{"line":24,"column":1}},"4":{"start":{"line":14,"column":2},"end":{"line":14,"column":16}},"5":{"start":{"line":23,"column":2},"end":{"line":23,"column":18}},"6":{"start":{"line":6,"column":13},"end":{"line":24,"column":1}},"7":{"start":{"line":6,"column":13},"end":{"line":6,"column":26}}},"fnMap":{},"branchMap":{},"s":{"0":2,"1":2,"2":2,"3":2,"4":2,"5":2,"6":2,"7":2},"f":{},"b":{}}
,"D:\\Projects\\Learning\\blog-posts\\src\\models\\database\\db-base-model.ts": {"path":"D:\\Projects\\Learning\\blog-posts\\src\\models\\database\\db-base-model.ts","statementMap":{"0":{"start":{"line":1,"column":0},"end":{"line":1,"column":48}},"1":{"start":{"line":2,"column":0},"end":{"line":4,"column":24}},"2":{"start":{"line":5,"column":0},"end":{"line":5,"column":34}},"3":{"start":{"line":10,"column":4},"end":{"line":10,"column":19}},"4":{"start":{"line":14,"column":4},"end":{"line":14,"column":24}},"5":{"start":{"line":18,"column":4},"end":{"line":18,"column":24}},"6":{"start":{"line":22,"column":4},"end":{"line":22,"column":22}},"7":{"start":{"line":27,"column":4},"end":{"line":27,"column":25}},"8":{"start":{"line":7,"column":0},"end":{"line":28,"column":1}}},"fnMap":{},"branchMap":{"0":{"loc":{"start":{"line":10,"column":18},"end":{"line":null,"column":-1}},"type":"cond-expr","locations":[{"start":{"line":10,"column":18},"end":{"line":null,"column":-1}},{"start":{"line":10,"column":18},"end":{"line":null,"column":-1}}]},"1":{"loc":{"start":{"line":10,"column":10},"end":{"line":10,"column":18}},"type":"binary-expr","locations":[{"start":{"line":10,"column":10},"end":{"line":10,"column":18}}]}},"s":{"0":2,"1":2,"2":2,"3":2,"4":2,"5":2,"6":2,"7":2,"8":2},"f":{},"b":{"0":[2,0],"1":[2]}}
,"D:\\Projects\\Learning\\blog-posts\\src\\models\\viewmodel\\create-blog-post-model.ts": {"path":"D:\\Projects\\Learning\\blog-posts\\src\\models\\viewmodel\\create-blog-post-model.ts","statementMap":{"0":{"start":{"line":1,"column":0},"end":{"line":4,"column":1}}},"fnMap":{},"branchMap":{},"s":{"0":1},"f":{},"b":{}}
,"D:\\Projects\\Learning\\blog-posts\\src\\models\\viewmodel\\get-blog-post-model.ts": {"path":"D:\\Projects\\Learning\\blog-posts\\src\\models\\viewmodel\\get-blog-post-model.ts","statementMap":{"0":{"start":{"line":1,"column":0},"end":{"line":5,"column":1}}},"fnMap":{},"branchMap":{},"s":{"0":2},"f":{},"b":{}}
,"D:\\Projects\\Learning\\blog-posts\\src\\shared\\exceptions\\record-not-found.exception.ts": {"path":"D:\\Projects\\Learning\\blog-posts\\src\\shared\\exceptions\\record-not-found.exception.ts","statementMap":{"0":{"start":{"line":1,"column":0},"end":{"line":1,"column":58}},"1":{"start":{"line":4,"column":4},"end":{"line":4,"column":52}},"2":{"start":{"line":2,"column":0},"end":{"line":6,"column":1}}},"fnMap":{"0":{"name":"(anonymous_0)","decl":{"start":{"line":3,"column":2},"end":{"line":null,"column":-1}},"loc":{"start":{"line":3,"column":2},"end":{"line":5,"column":3}}}},"branchMap":{},"s":{"0":1,"1":0,"2":1},"f":{"0":0},"b":{}}
,"D:\\Projects\\Learning\\blog-posts\\src\\shared\\exceptions\\validation-error.exception.ts": {"path":"D:\\Projects\\Learning\\blog-posts\\src\\shared\\exceptions\\validation-error.exception.ts","statementMap":{"0":{"start":{"line":1,"column":0},"end":{"line":1,"column":58}},"1":{"start":{"line":4,"column":8},"end":{"line":4,"column":70}},"2":{"start":{"line":2,"column":0},"end":{"line":6,"column":1}}},"fnMap":{"0":{"name":"(anonymous_0)","decl":{"start":{"line":3,"column":4},"end":{"line":3,"column":15}},"loc":{"start":{"line":3,"column":28},"end":{"line":5,"column":5}}}},"branchMap":{"0":{"loc":{"start":{"line":3,"column":26},"end":{"line":3,"column":28}},"type":"default-arg","locations":[{"start":{"line":3,"column":26},"end":{"line":3,"column":28}}]}},"s":{"0":2,"1":2,"2":2},"f":{"0":2},"b":{"0":[2]}}
}
