TN:
SF:D:\Projects\Learning\blog-posts\src\blog\blog-post-service.ts
FN:13,(anonymous_8)
FN:15,(anonymous_9)
FN:29,(anonymous_11)
FN:41,(anonymous_12)
FN:65,(anonymous_14)
FN:83,(anonymous_16)
FN:114,(anonymous_18)
FN:122,(anonymous_20)
FN:124,(anonymous_21)
FN:125,(anonymous_22)
FNF:10
FNH:1
FNDA:1,(anonymous_8)
FNDA:0,(anonymous_9)
FNDA:0,(anonymous_11)
FNDA:0,(anonymous_12)
FNDA:0,(anonymous_14)
FNDA:0,(anonymous_16)
FNDA:0,(anonymous_18)
FNDA:0,(anonymous_20)
FNDA:0,(anonymous_21)
FNDA:0,(anonymous_22)
DA:1,1
DA:2,1
DA:3,1
DA:4,1
DA:6,1
DA:7,1
DA:8,1
DA:9,1
DA:12,1
DA:13,1
DA:16,0
DA:17,0
DA:21,0
DA:28,0
DA:29,0
DA:30,0
DA:31,0
DA:32,0
DA:33,0
DA:35,0
DA:38,0
DA:44,0
DA:45,0
DA:46,0
DA:47,0
DA:48,0
DA:50,0
DA:52,0
DA:57,0
DA:58,0
DA:59,0
DA:60,0
DA:62,0
DA:66,0
DA:71,0
DA:72,0
DA:75,0
DA:76,0
DA:77,0
DA:78,0
DA:80,0
DA:87,0
DA:92,0
DA:93,0
DA:96,0
DA:97,0
DA:99,0
DA:101,0
DA:106,0
DA:107,0
DA:108,0
DA:109,0
DA:111,0
DA:115,0
DA:116,0
DA:117,0
DA:118,0
DA:123,0
DA:124,0
DA:125,0
DA:126,0
DA:130,0
LF:62
LH:10
BRDA:16,0,0,0
BRDA:16,0,1,0
BRDA:71,1,0,0
BRDA:71,1,1,0
BRDA:92,2,0,0
BRDA:92,2,1,0
BRDA:116,3,0,0
BRDA:116,3,1,0
BRDA:116,4,0,0
BRDA:116,4,1,0
BRF:10
BRH:0
end_of_record
TN:
SF:D:\Projects\Learning\blog-posts\src\blog\blog-posts\blog-posts.controller.ts
FN:10,(anonymous_10)
FN:13,(anonymous_11)
FN:25,(anonymous_13)
FN:36,(anonymous_15)
FN:45,(anonymous_17)
FNF:5
FNH:3
FNDA:6,(anonymous_10)
FNDA:0,(anonymous_11)
FNDA:3,(anonymous_13)
FNDA:2,(anonymous_15)
FNDA:0,(anonymous_17)
DA:1,1
DA:3,1
DA:5,1
DA:9,1
DA:10,6
DA:13,1
DA:18,0
DA:20,0
DA:21,0
DA:25,1
DA:29,3
DA:32,1
DA:36,1
DA:40,2
DA:41,1
DA:45,1
DA:50,0
DA:54,0
LF:18
LH:13
BRDA:20,0,0,0
BRDA:20,0,1,0
BRF:2
BRH:0
end_of_record
TN:
SF:D:\Projects\Learning\blog-posts\src\models\database\blog-post-model.ts
FNF:0
FNH:0
DA:1,2
DA:2,2
DA:3,2
DA:6,2
DA:14,2
DA:23,2
LF:6
LH:6
BRF:0
BRH:0
end_of_record
TN:
SF:D:\Projects\Learning\blog-posts\src\models\database\db-base-model.ts
FNF:0
FNH:0
DA:1,2
DA:2,2
DA:5,2
DA:7,2
DA:10,2
DA:14,2
DA:18,2
DA:22,2
DA:27,2
LF:9
LH:9
BRDA:10,0,0,2
BRDA:10,0,1,0
BRDA:10,1,0,2
BRF:3
BRH:2
end_of_record
TN:
SF:D:\Projects\Learning\blog-posts\src\models\viewmodel\create-blog-post-model.ts
FNF:0
FNH:0
DA:1,1
LF:1
LH:1
BRF:0
BRH:0
end_of_record
TN:
SF:D:\Projects\Learning\blog-posts\src\models\viewmodel\get-blog-post-model.ts
FNF:0
FNH:0
DA:1,2
LF:1
LH:1
BRF:0
BRH:0
end_of_record
TN:
SF:D:\Projects\Learning\blog-posts\src\shared\exceptions\record-not-found.exception.ts
FN:3,(anonymous_0)
FNF:1
FNH:0
FNDA:0,(anonymous_0)
DA:1,1
DA:2,1
DA:4,0
LF:3
LH:2
BRF:0
BRH:0
end_of_record
TN:
SF:D:\Projects\Learning\blog-posts\src\shared\exceptions\validation-error.exception.ts
FN:3,(anonymous_0)
FNF:1
FNH:1
FNDA:2,(anonymous_0)
DA:1,2
DA:2,2
DA:4,2
LF:3
LH:3
BRDA:3,0,0,2
BRF:1
BRH:1
end_of_record
